<?xml version="1.0" encoding="UTF-8"?>
<!-- Generated by org.testng.reporters.JUnitReportReporter -->
<testsuite hostname="LAPTOP-J55P4QPE" failures="0" tests="15" name="MyTestCases.MainTestCases" time="0.020" errors="0" timestamp="2025-01-31T01:43:03 AST" skipped="14">
  <testcase classname="MyTestCases.MainTestCases" name="CheckTheTitle" time="0.020"/>
  <system-out/>
  <testcase classname="MyTestCases.MainTestCases" name="Radio_Button_Example">
    <skipped/>
  </testcase> <!-- Radio_Button_Example -->
  <system-out/>
  <testcase classname="MyTestCases.MainTestCases" name="Calendar_Example">
    <skipped/>
  </testcase> <!-- Calendar_Example -->
  <system-out/>
  <testcase classname="MyTestCases.MainTestCases" name="iFrame_Example">
    <skipped/>
  </testcase> <!-- iFrame_Example -->
  <system-out/>
  <testcase classname="MyTestCases.MainTestCases" name="Mouse_Hover_Example">
    <skipped/>
  </testcase> <!-- Mouse_Hover_Example -->
  <system-out/>
  <testcase classname="MyTestCases.MainTestCases" name="Enabled_Disabled_Example">
    <skipped/>
  </testcase> <!-- Enabled_Disabled_Example -->
  <system-out/>
  <testcase classname="MyTestCases.MainTestCases" name="Switch_Tab_Example">
    <skipped/>
  </testcase> <!-- Switch_Tab_Example -->
  <system-out/>
  <testcase classname="MyTestCases.MainTestCases" name="Web_Table_Example">
    <skipped/>
  </testcase> <!-- Web_Table_Example -->
  <system-out/>
  <testcase classname="MyTestCases.MainTestCases" name="Download_file_to_test">
    <skipped/>
  </testcase> <!-- Download_file_to_test -->
  <system-out/>
  <testcase classname="MyTestCases.MainTestCases" name="Dynamic_Dropdown_Example">
    <skipped/>
  </testcase> <!-- Dynamic_Dropdown_Example -->
  <system-out/>
  <testcase classname="MyTestCases.MainTestCases" name="Checkbox_Example">
    <skipped/>
  </testcase> <!-- Checkbox_Example -->
  <system-out/>
  <testcase classname="MyTestCases.MainTestCases" name="Switch_Window_Example">
    <skipped/>
  </testcase> <!-- Switch_Window_Example -->
  <system-out/>
  <testcase classname="MyTestCases.MainTestCases" name="Switch_To_Alert_Example">
    <skipped/>
  </testcase> <!-- Switch_To_Alert_Example -->
  <system-out/>
  <testcase classname="MyTestCases.MainTestCases" name="Element_Displayed_Example">
    <skipped/>
  </testcase> <!-- Element_Displayed_Example -->
  <system-out/>
  <testcase classname="MyTestCases.MainTestCases" name="Static_Dropdown_Example">
    <skipped/>
  </testcase> <!-- Static_Dropdown_Example -->
  <system-out/>
</testsuite> <!-- MyTestCases.MainTestCases -->
