<?xml version="1.0" encoding="UTF-8"?>
<!-- Generated by org.testng.reporters.JUnitReportReporter -->
<testsuite hostname="LAPTOP-J55P4QPE" failures="0" tests="1" name="firstProject.MyTestCases" time="32.028" errors="0" timestamp="2025-01-29T01:37:17 AST" skipped="0">
  <testcase classname="firstProject.MyTestCases" name="myFirstTest" time="32.028"/>
  <system-out/>
</testsuite> <!-- firstProject.MyTestCases -->
